[debug] [2021-05-29T08:25:51.621Z] ----------------------------------------------------------------------
[debug] [2021-05-29T08:25:51.623Z] Command:       C:\Program Files\nodejs\node.exe C:\Users\avnis\AppData\Roaming\npm\node_modules\firebase-tools\lib\bin\firebase.js init
[debug] [2021-05-29T08:25:51.623Z] CLI Version:   9.12.0
[debug] [2021-05-29T08:25:51.623Z] Platform:      win32
[debug] [2021-05-29T08:25:51.624Z] Node Version:  v14.16.0
[debug] [2021-05-29T08:25:51.625Z] Time:          Sat May 29 2021 13:55:51 GMT+0530 (India Standard Time)
[debug] [2021-05-29T08:25:51.625Z] ----------------------------------------------------------------------
[debug] 
[debug] [2021-05-29T08:25:51.632Z] > command requires scopes: ["email","openid","https://www.googleapis.com/auth/cloudplatformprojects.readonly","https://www.googleapis.com/auth/firebase","https://www.googleapis.com/auth/cloud-platform"]
[debug] [2021-05-29T08:25:51.632Z] > authorizing via signed-in user (avnishranwa7@gmail.com)
[info] 
     ######## #### ########  ######## ########     ###     ######  ########
     ##        ##  ##     ## ##       ##     ##  ##   ##  ##       ##
     ######    ##  ########  ######   ########  #########  ######  ######
     ##        ##  ##    ##  ##       ##     ## ##     ##       ## ##
     ##       #### ##     ## ######## ########  ##     ##  ######  ########

You're about to initialize a Firebase project in this directory:

  C:\Users\avnis\pwa

Before we get started, keep in mind:

  * You are initializing in an existing Firebase project directory

[info] 
=== Project Setup
[info] 
[info] First, let's associate this project directory with a Firebase project.
[info] You can create multiple project aliases by running firebase use --add, 
[info] but for now we'll just set up a default project.
[info] 
[info] i  .firebaserc already has a default project, using pwa-ad782. 
[debug] [2021-05-29T08:26:53.961Z] >>> [apiv2][query] GET https://firebase.googleapis.com/v1beta1/projects/pwa-ad782 [none]
[debug] [2021-05-29T08:26:54.469Z] <<< [apiv2][status] GET https://firebase.googleapis.com/v1beta1/projects/pwa-ad782 200
[debug] [2021-05-29T08:26:54.470Z] <<< [apiv2][body] GET https://firebase.googleapis.com/v1beta1/projects/pwa-ad782 {"projectId":"pwa-ad782","projectNumber":"990663954593","displayName":"pwa!","name":"projects/pwa-ad782","resources":{"hostingSite":"pwa-ad782","storageBucket":"pwa-ad782.appspot.com","locationId":"asia-south1"},"state":"ACTIVE"}
[info] 
=== Hosting Setup
[info] 
[info] Your public directory is the folder (relative to your project directory) that
[info] will contain Hosting assets to be uploaded with firebase deploy. If you
[info] have a build process for your assets, use your build's output directory.
[info] 
